
[GORM] 2023/12/27 19:55:07 /home/finley/Projects/Software-Engineering/packages/server/db/model/init.go:9
[0.071ms] [rows:-] SELECT DATABASE()

[GORM] 2023/12/27 19:55:07 /home/finley/Projects/Software-Engineering/packages/server/db/model/init.go:9
[0.437ms] [rows:1] SELECT SCHEMA_NAME from Information_schema.SCHEMATA where SCHEMA_NAME LIKE 'se%' ORDER BY SCHEMA_NAME='se' DESC,SCHEMA_NAME limit 1

[GORM] 2023/12/27 19:55:07 /home/finley/Projects/Software-Engineering/packages/server/db/model/init.go:9
[0.259ms] [rows:-] SELECT count(*) FROM information_schema.tables WHERE table_schema = 'se' AND table_name = 'departments' AND table_type = 'BASE TABLE'

[GORM] 2023/12/27 19:55:07 /home/finley/Projects/Software-Engineering/packages/server/db/model/init.go:9
[8.995ms] [rows:0] CREATE TABLE `departments` (`id` bigint unsigned AUTO_INCREMENT,`name` longtext,PRIMARY KEY (`id`))

[GORM] 2023/12/27 19:55:07 /home/finley/Projects/Software-Engineering/packages/server/db/model/init.go:9
[0.196ms] [rows:-] SELECT DATABASE()

[GORM] 2023/12/27 19:55:07 /home/finley/Projects/Software-Engineering/packages/server/db/model/init.go:9
[0.691ms] [rows:1] SELECT SCHEMA_NAME from Information_schema.SCHEMATA where SCHEMA_NAME LIKE 'se%' ORDER BY SCHEMA_NAME='se' DESC,SCHEMA_NAME limit 1

[GORM] 2023/12/27 19:55:07 /home/finley/Projects/Software-Engineering/packages/server/db/model/init.go:9
[0.402ms] [rows:-] SELECT count(*) FROM information_schema.tables WHERE table_schema = 'se' AND table_name = 'doctors' AND table_type = 'BASE TABLE'

[GORM] 2023/12/27 19:55:07 /home/finley/Projects/Software-Engineering/packages/server/db/model/init.go:9
[8.680ms] [rows:0] CREATE TABLE `doctors` (`id` bigint unsigned AUTO_INCREMENT,`birth` datetime(3) NULL,`name` longtext,`password` longtext,`department_id` bigint unsigned,PRIMARY KEY (`id`),CONSTRAINT `fk_doctors_department` FOREIGN KEY (`department_id`) REFERENCES `departments`(`id`))

[GORM] 2023/12/27 19:55:07 /home/finley/Projects/Software-Engineering/packages/server/db/model/init.go:9
[0.187ms] [rows:-] SELECT DATABASE()

[GORM] 2023/12/27 19:55:07 /home/finley/Projects/Software-Engineering/packages/server/db/model/init.go:9
[0.480ms] [rows:1] SELECT SCHEMA_NAME from Information_schema.SCHEMATA where SCHEMA_NAME LIKE 'se%' ORDER BY SCHEMA_NAME='se' DESC,SCHEMA_NAME limit 1

[GORM] 2023/12/27 19:55:07 /home/finley/Projects/Software-Engineering/packages/server/db/model/init.go:9
[0.369ms] [rows:-] SELECT count(*) FROM information_schema.tables WHERE table_schema = 'se' AND table_name = 'patients' AND table_type = 'BASE TABLE'

[GORM] 2023/12/27 19:55:07 /home/finley/Projects/Software-Engineering/packages/server/db/model/init.go:9
[6.015ms] [rows:0] CREATE TABLE `patients` (`id` bigint unsigned AUTO_INCREMENT,`doctor_id` bigint unsigned,`name` longtext,`password` longtext,`phone` longtext,`bed` longtext,`birth` datetime(3) NULL,`gender` longtext,`in_time` datetime(3) NULL,`out_time` datetime(3) NULL,PRIMARY KEY (`id`))

[GORM] 2023/12/27 19:55:07 /home/finley/Projects/Software-Engineering/packages/server/db/model/init.go:9
[0.132ms] [rows:-] SELECT DATABASE()

[GORM] 2023/12/27 19:55:07 /home/finley/Projects/Software-Engineering/packages/server/db/model/init.go:9
[0.366ms] [rows:1] SELECT SCHEMA_NAME from Information_schema.SCHEMATA where SCHEMA_NAME LIKE 'se%' ORDER BY SCHEMA_NAME='se' DESC,SCHEMA_NAME limit 1

[GORM] 2023/12/27 19:55:07 /home/finley/Projects/Software-Engineering/packages/server/db/model/init.go:9
[0.237ms] [rows:-] SELECT count(*) FROM information_schema.tables WHERE table_schema = 'se' AND table_name = 'doctor_patients' AND table_type = 'BASE TABLE'

[GORM] 2023/12/27 19:55:07 /home/finley/Projects/Software-Engineering/packages/server/db/model/init.go:9
[7.032ms] [rows:0] CREATE TABLE `doctor_patients` (`doctor_id` bigint unsigned,`patient_id` bigint unsigned,PRIMARY KEY (`doctor_id`,`patient_id`),CONSTRAINT `fk_doctor_patients_doctor` FOREIGN KEY (`doctor_id`) REFERENCES `doctors`(`id`),CONSTRAINT `fk_doctor_patients_patient` FOREIGN KEY (`patient_id`) REFERENCES `patients`(`id`))

[GORM] 2023/12/27 19:55:07 /home/finley/Projects/Software-Engineering/packages/server/db/model/init.go:9
[0.154ms] [rows:-] SELECT DATABASE()

[GORM] 2023/12/27 19:55:07 /home/finley/Projects/Software-Engineering/packages/server/db/model/init.go:9
[0.384ms] [rows:1] SELECT SCHEMA_NAME from Information_schema.SCHEMATA where SCHEMA_NAME LIKE 'se%' ORDER BY SCHEMA_NAME='se' DESC,SCHEMA_NAME limit 1

[GORM] 2023/12/27 19:55:07 /home/finley/Projects/Software-Engineering/packages/server/db/model/init.go:9
[0.301ms] [rows:-] SELECT count(*) FROM information_schema.tables WHERE table_schema = 'se' AND table_name = 'vital_signs' AND table_type = 'BASE TABLE'

[GORM] 2023/12/27 19:55:07 /home/finley/Projects/Software-Engineering/packages/server/db/model/init.go:9
[8.611ms] [rows:0] CREATE TABLE `vital_signs` (`id` bigint unsigned AUTO_INCREMENT,`patient_id` bigint unsigned,`time` datetime(3) NULL,`temperature` double,`heart_rate` bigint unsigned,`blood_pressure` longtext,`breathing_rate` bigint unsigned,`blood_oxygen` bigint unsigned,`sense` longtext,PRIMARY KEY (`id`),CONSTRAINT `fk_patients_vital_signs` FOREIGN KEY (`patient_id`) REFERENCES `patients`(`id`))

[GORM] 2023/12/27 19:55:07 /home/finley/Projects/Software-Engineering/packages/server/db/model/init.go:9
[0.229ms] [rows:-] SELECT DATABASE()

[GORM] 2023/12/27 19:55:07 /home/finley/Projects/Software-Engineering/packages/server/db/model/init.go:9
[0.522ms] [rows:1] SELECT SCHEMA_NAME from Information_schema.SCHEMATA where SCHEMA_NAME LIKE 'se%' ORDER BY SCHEMA_NAME='se' DESC,SCHEMA_NAME limit 1

[GORM] 2023/12/27 19:55:07 /home/finley/Projects/Software-Engineering/packages/server/db/model/init.go:9
[0.397ms] [rows:-] SELECT count(*) FROM information_schema.tables WHERE table_schema = 'se' AND table_name = 'admins' AND table_type = 'BASE TABLE'

[GORM] 2023/12/27 19:55:07 /home/finley/Projects/Software-Engineering/packages/server/db/model/init.go:9
[7.550ms] [rows:0] CREATE TABLE `admins` (`id` bigint unsigned AUTO_INCREMENT,`password` longtext,PRIMARY KEY (`id`))
[GIN-debug] [WARNING] Creating an Engine instance with the Logger and Recovery middleware already attached.

[GIN-debug] [WARNING] Running in "debug" mode. Switch to "release" mode in production.
 - using env:	export GIN_MODE=release
 - using code:	gin.SetMode(gin.ReleaseMode)

[GIN-debug] POST   /login/admin              --> se/controller.AdminLogin (4 handlers)
2023/12/27 19:55:07 Running Server at :8888
2023/12/27 20:01:12 Shutdown Server ...
2023/12/27 20:01:12 Server Exiting

[GORM] 2023/12/27 20:01:13 /home/finley/Projects/Software-Engineering/packages/server/db/model/init.go:9
[0.083ms] [rows:-] SELECT DATABASE()

[GORM] 2023/12/27 20:01:13 /home/finley/Projects/Software-Engineering/packages/server/db/model/init.go:9
[0.407ms] [rows:1] SELECT SCHEMA_NAME from Information_schema.SCHEMATA where SCHEMA_NAME LIKE 'se%' ORDER BY SCHEMA_NAME='se' DESC,SCHEMA_NAME limit 1

[GORM] 2023/12/27 20:01:13 /home/finley/Projects/Software-Engineering/packages/server/db/model/init.go:9
[0.264ms] [rows:-] SELECT count(*) FROM information_schema.tables WHERE table_schema = 'se' AND table_name = 'departments' AND table_type = 'BASE TABLE'

[GORM] 2023/12/27 20:01:13 /home/finley/Projects/Software-Engineering/packages/server/db/model/init.go:9
[0.075ms] [rows:-] SELECT DATABASE()

[GORM] 2023/12/27 20:01:13 /home/finley/Projects/Software-Engineering/packages/server/db/model/init.go:9
[0.273ms] [rows:1] SELECT SCHEMA_NAME from Information_schema.SCHEMATA where SCHEMA_NAME LIKE 'se%' ORDER BY SCHEMA_NAME='se' DESC,SCHEMA_NAME limit 1

[GORM] 2023/12/27 20:01:13 /home/finley/Projects/Software-Engineering/packages/server/db/model/init.go:9
[0.162ms] [rows:-] SELECT * FROM `departments` LIMIT 1

[GORM] 2023/12/27 20:01:13 /home/finley/Projects/Software-Engineering/packages/server/db/model/init.go:9
[0.863ms] [rows:-] SELECT column_name, column_default, is_nullable = 'YES', data_type, character_maximum_length, column_type, column_key, extra, column_comment, numeric_precision, numeric_scale , datetime_precision FROM information_schema.columns WHERE table_schema = 'se' AND table_name = 'departments' ORDER BY ORDINAL_POSITION

[GORM] 2023/12/27 20:01:13 /home/finley/Projects/Software-Engineering/packages/server/db/model/init.go:9
[0.089ms] [rows:-] SELECT DATABASE()

[GORM] 2023/12/27 20:01:13 /home/finley/Projects/Software-Engineering/packages/server/db/model/init.go:9
[0.263ms] [rows:1] SELECT SCHEMA_NAME from Information_schema.SCHEMATA where SCHEMA_NAME LIKE 'se%' ORDER BY SCHEMA_NAME='se' DESC,SCHEMA_NAME limit 1

[GORM] 2023/12/27 20:01:13 /home/finley/Projects/Software-Engineering/packages/server/db/model/init.go:9
[0.199ms] [rows:-] SELECT count(*) FROM information_schema.tables WHERE table_schema = 'se' AND table_name = 'doctors' AND table_type = 'BASE TABLE'

[GORM] 2023/12/27 20:01:13 /home/finley/Projects/Software-Engineering/packages/server/db/model/init.go:9
[0.085ms] [rows:-] SELECT DATABASE()

[GORM] 2023/12/27 20:01:13 /home/finley/Projects/Software-Engineering/packages/server/db/model/init.go:9
[0.297ms] [rows:1] SELECT SCHEMA_NAME from Information_schema.SCHEMATA where SCHEMA_NAME LIKE 'se%' ORDER BY SCHEMA_NAME='se' DESC,SCHEMA_NAME limit 1

[GORM] 2023/12/27 20:01:13 /home/finley/Projects/Software-Engineering/packages/server/db/model/init.go:9
[0.168ms] [rows:-] SELECT * FROM `doctors` LIMIT 1

[GORM] 2023/12/27 20:01:13 /home/finley/Projects/Software-Engineering/packages/server/db/model/init.go:9
[0.729ms] [rows:-] SELECT column_name, column_default, is_nullable = 'YES', data_type, character_maximum_length, column_type, column_key, extra, column_comment, numeric_precision, numeric_scale , datetime_precision FROM information_schema.columns WHERE table_schema = 'se' AND table_name = 'doctors' ORDER BY ORDINAL_POSITION

[GORM] 2023/12/27 20:01:13 /home/finley/Projects/Software-Engineering/packages/server/db/model/init.go:9
[0.075ms] [rows:-] SELECT DATABASE()

[GORM] 2023/12/27 20:01:13 /home/finley/Projects/Software-Engineering/packages/server/db/model/init.go:9
[0.217ms] [rows:1] SELECT SCHEMA_NAME from Information_schema.SCHEMATA where SCHEMA_NAME LIKE 'se%' ORDER BY SCHEMA_NAME='se' DESC,SCHEMA_NAME limit 1

[GORM] 2023/12/27 20:01:13 /home/finley/Projects/Software-Engineering/packages/server/db/model/init.go:9
[0.279ms] [rows:-] SELECT count(*) FROM INFORMATION_SCHEMA.table_constraints WHERE constraint_schema = 'se' AND table_name = 'doctors' AND constraint_name = 'fk_doctors_department'

[GORM] 2023/12/27 20:01:13 /home/finley/Projects/Software-Engineering/packages/server/db/model/init.go:9
[0.063ms] [rows:-] SELECT DATABASE()

[GORM] 2023/12/27 20:01:13 /home/finley/Projects/Software-Engineering/packages/server/db/model/init.go:9
[0.212ms] [rows:1] SELECT SCHEMA_NAME from Information_schema.SCHEMATA where SCHEMA_NAME LIKE 'se%' ORDER BY SCHEMA_NAME='se' DESC,SCHEMA_NAME limit 1

[GORM] 2023/12/27 20:01:13 /home/finley/Projects/Software-Engineering/packages/server/db/model/init.go:9
[0.182ms] [rows:-] SELECT count(*) FROM information_schema.tables WHERE table_schema = 'se' AND table_name = 'patients' AND table_type = 'BASE TABLE'

[GORM] 2023/12/27 20:01:13 /home/finley/Projects/Software-Engineering/packages/server/db/model/init.go:9
[0.064ms] [rows:-] SELECT DATABASE()

[GORM] 2023/12/27 20:01:13 /home/finley/Projects/Software-Engineering/packages/server/db/model/init.go:9
[0.200ms] [rows:1] SELECT SCHEMA_NAME from Information_schema.SCHEMATA where SCHEMA_NAME LIKE 'se%' ORDER BY SCHEMA_NAME='se' DESC,SCHEMA_NAME limit 1

[GORM] 2023/12/27 20:01:13 /home/finley/Projects/Software-Engineering/packages/server/db/model/init.go:9
[0.115ms] [rows:-] SELECT * FROM `patients` LIMIT 1

[GORM] 2023/12/27 20:01:13 /home/finley/Projects/Software-Engineering/packages/server/db/model/init.go:9
[0.557ms] [rows:-] SELECT column_name, column_default, is_nullable = 'YES', data_type, character_maximum_length, column_type, column_key, extra, column_comment, numeric_precision, numeric_scale , datetime_precision FROM information_schema.columns WHERE table_schema = 'se' AND table_name = 'patients' ORDER BY ORDINAL_POSITION

[GORM] 2023/12/27 20:01:13 /home/finley/Projects/Software-Engineering/packages/server/db/model/init.go:9
[0.088ms] [rows:-] SELECT DATABASE()

[GORM] 2023/12/27 20:01:13 /home/finley/Projects/Software-Engineering/packages/server/db/model/init.go:9
[0.249ms] [rows:1] SELECT SCHEMA_NAME from Information_schema.SCHEMATA where SCHEMA_NAME LIKE 'se%' ORDER BY SCHEMA_NAME='se' DESC,SCHEMA_NAME limit 1

[GORM] 2023/12/27 20:01:13 /home/finley/Projects/Software-Engineering/packages/server/db/model/init.go:9
[0.238ms] [rows:-] SELECT count(*) FROM information_schema.tables WHERE table_schema = 'se' AND table_name = 'doctor_patients' AND table_type = 'BASE TABLE'

[GORM] 2023/12/27 20:01:13 /home/finley/Projects/Software-Engineering/packages/server/db/model/init.go:9
[0.075ms] [rows:-] SELECT DATABASE()

[GORM] 2023/12/27 20:01:13 /home/finley/Projects/Software-Engineering/packages/server/db/model/init.go:9
[0.250ms] [rows:1] SELECT SCHEMA_NAME from Information_schema.SCHEMATA where SCHEMA_NAME LIKE 'se%' ORDER BY SCHEMA_NAME='se' DESC,SCHEMA_NAME limit 1

[GORM] 2023/12/27 20:01:13 /home/finley/Projects/Software-Engineering/packages/server/db/model/init.go:9
[0.141ms] [rows:-] SELECT * FROM `doctor_patients` LIMIT 1

[GORM] 2023/12/27 20:01:13 /home/finley/Projects/Software-Engineering/packages/server/db/model/init.go:9
[0.652ms] [rows:-] SELECT column_name, column_default, is_nullable = 'YES', data_type, character_maximum_length, column_type, column_key, extra, column_comment, numeric_precision, numeric_scale , datetime_precision FROM information_schema.columns WHERE table_schema = 'se' AND table_name = 'doctor_patients' ORDER BY ORDINAL_POSITION

[GORM] 2023/12/27 20:01:13 /home/finley/Projects/Software-Engineering/packages/server/db/model/init.go:9
[0.105ms] [rows:-] SELECT DATABASE()

[GORM] 2023/12/27 20:01:13 /home/finley/Projects/Software-Engineering/packages/server/db/model/init.go:9
[0.265ms] [rows:1] SELECT SCHEMA_NAME from Information_schema.SCHEMATA where SCHEMA_NAME LIKE 'se%' ORDER BY SCHEMA_NAME='se' DESC,SCHEMA_NAME limit 1

[GORM] 2023/12/27 20:01:13 /home/finley/Projects/Software-Engineering/packages/server/db/model/init.go:9
[0.267ms] [rows:-] SELECT count(*) FROM INFORMATION_SCHEMA.table_constraints WHERE constraint_schema = 'se' AND table_name = 'doctor_patients' AND constraint_name = 'fk_doctor_patients_doctor'

[GORM] 2023/12/27 20:01:13 /home/finley/Projects/Software-Engineering/packages/server/db/model/init.go:9
[0.073ms] [rows:-] SELECT DATABASE()

[GORM] 2023/12/27 20:01:13 /home/finley/Projects/Software-Engineering/packages/server/db/model/init.go:9
[0.258ms] [rows:1] SELECT SCHEMA_NAME from Information_schema.SCHEMATA where SCHEMA_NAME LIKE 'se%' ORDER BY SCHEMA_NAME='se' DESC,SCHEMA_NAME limit 1

[GORM] 2023/12/27 20:01:13 /home/finley/Projects/Software-Engineering/packages/server/db/model/init.go:9
[0.308ms] [rows:-] SELECT count(*) FROM INFORMATION_SCHEMA.table_constraints WHERE constraint_schema = 'se' AND table_name = 'doctor_patients' AND constraint_name = 'fk_doctor_patients_patient'

[GORM] 2023/12/27 20:01:13 /home/finley/Projects/Software-Engineering/packages/server/db/model/init.go:9
[0.077ms] [rows:-] SELECT DATABASE()

[GORM] 2023/12/27 20:01:13 /home/finley/Projects/Software-Engineering/packages/server/db/model/init.go:9
[0.247ms] [rows:1] SELECT SCHEMA_NAME from Information_schema.SCHEMATA where SCHEMA_NAME LIKE 'se%' ORDER BY SCHEMA_NAME='se' DESC,SCHEMA_NAME limit 1

[GORM] 2023/12/27 20:01:13 /home/finley/Projects/Software-Engineering/packages/server/db/model/init.go:9
[0.221ms] [rows:-] SELECT count(*) FROM information_schema.tables WHERE table_schema = 'se' AND table_name = 'vital_signs' AND table_type = 'BASE TABLE'

[GORM] 2023/12/27 20:01:13 /home/finley/Projects/Software-Engineering/packages/server/db/model/init.go:9
[0.082ms] [rows:-] SELECT DATABASE()

[GORM] 2023/12/27 20:01:13 /home/finley/Projects/Software-Engineering/packages/server/db/model/init.go:9
[0.214ms] [rows:1] SELECT SCHEMA_NAME from Information_schema.SCHEMATA where SCHEMA_NAME LIKE 'se%' ORDER BY SCHEMA_NAME='se' DESC,SCHEMA_NAME limit 1

[GORM] 2023/12/27 20:01:13 /home/finley/Projects/Software-Engineering/packages/server/db/model/init.go:9
[0.136ms] [rows:-] SELECT * FROM `vital_signs` LIMIT 1

[GORM] 2023/12/27 20:01:13 /home/finley/Projects/Software-Engineering/packages/server/db/model/init.go:9
[0.575ms] [rows:-] SELECT column_name, column_default, is_nullable = 'YES', data_type, character_maximum_length, column_type, column_key, extra, column_comment, numeric_precision, numeric_scale , datetime_precision FROM information_schema.columns WHERE table_schema = 'se' AND table_name = 'vital_signs' ORDER BY ORDINAL_POSITION

[GORM] 2023/12/27 20:01:13 /home/finley/Projects/Software-Engineering/packages/server/db/model/init.go:9
[0.073ms] [rows:-] SELECT DATABASE()

[GORM] 2023/12/27 20:01:13 /home/finley/Projects/Software-Engineering/packages/server/db/model/init.go:9
[0.232ms] [rows:1] SELECT SCHEMA_NAME from Information_schema.SCHEMATA where SCHEMA_NAME LIKE 'se%' ORDER BY SCHEMA_NAME='se' DESC,SCHEMA_NAME limit 1

[GORM] 2023/12/27 20:01:13 /home/finley/Projects/Software-Engineering/packages/server/db/model/init.go:9
[0.225ms] [rows:-] SELECT count(*) FROM INFORMATION_SCHEMA.table_constraints WHERE constraint_schema = 'se' AND table_name = 'vital_signs' AND constraint_name = 'fk_patients_vital_signs'

[GORM] 2023/12/27 20:01:13 /home/finley/Projects/Software-Engineering/packages/server/db/model/init.go:9
[0.063ms] [rows:-] SELECT DATABASE()

[GORM] 2023/12/27 20:01:13 /home/finley/Projects/Software-Engineering/packages/server/db/model/init.go:9
[0.217ms] [rows:1] SELECT SCHEMA_NAME from Information_schema.SCHEMATA where SCHEMA_NAME LIKE 'se%' ORDER BY SCHEMA_NAME='se' DESC,SCHEMA_NAME limit 1

[GORM] 2023/12/27 20:01:13 /home/finley/Projects/Software-Engineering/packages/server/db/model/init.go:9
[0.178ms] [rows:-] SELECT count(*) FROM information_schema.tables WHERE table_schema = 'se' AND table_name = 'admins' AND table_type = 'BASE TABLE'

[GORM] 2023/12/27 20:01:13 /home/finley/Projects/Software-Engineering/packages/server/db/model/init.go:9
[0.078ms] [rows:-] SELECT DATABASE()

[GORM] 2023/12/27 20:01:13 /home/finley/Projects/Software-Engineering/packages/server/db/model/init.go:9
[0.250ms] [rows:1] SELECT SCHEMA_NAME from Information_schema.SCHEMATA where SCHEMA_NAME LIKE 'se%' ORDER BY SCHEMA_NAME='se' DESC,SCHEMA_NAME limit 1

[GORM] 2023/12/27 20:01:13 /home/finley/Projects/Software-Engineering/packages/server/db/model/init.go:9
[0.159ms] [rows:-] SELECT * FROM `admins` LIMIT 1

[GORM] 2023/12/27 20:01:13 /home/finley/Projects/Software-Engineering/packages/server/db/model/init.go:9
[0.730ms] [rows:-] SELECT column_name, column_default, is_nullable = 'YES', data_type, character_maximum_length, column_type, column_key, extra, column_comment, numeric_precision, numeric_scale , datetime_precision FROM information_schema.columns WHERE table_schema = 'se' AND table_name = 'admins' ORDER BY ORDINAL_POSITION
[GIN-debug] [WARNING] Creating an Engine instance with the Logger and Recovery middleware already attached.

[GIN-debug] [WARNING] Running in "debug" mode. Switch to "release" mode in production.
 - using env:	export GIN_MODE=release
 - using code:	gin.SetMode(gin.ReleaseMode)

[GIN-debug] POST   /login/admin              --> se/controller.AdminLogin (4 handlers)
2023/12/27 20:01:13 Running Server at :8888
2023/12/27 20:01:28 Shutdown Server ...
2023/12/27 20:01:29 Server Exiting

[GORM] 2023/12/27 20:02:19 /home/finley/Projects/Software-Engineering/packages/server/db/model/init.go:9
[0.095ms] [rows:-] SELECT DATABASE()

[GORM] 2023/12/27 20:02:19 /home/finley/Projects/Software-Engineering/packages/server/db/model/init.go:9
[0.408ms] [rows:1] SELECT SCHEMA_NAME from Information_schema.SCHEMATA where SCHEMA_NAME LIKE 'se%' ORDER BY SCHEMA_NAME='se' DESC,SCHEMA_NAME limit 1

[GORM] 2023/12/27 20:02:19 /home/finley/Projects/Software-Engineering/packages/server/db/model/init.go:9
[0.256ms] [rows:-] SELECT count(*) FROM information_schema.tables WHERE table_schema = 'se' AND table_name = 'departments' AND table_type = 'BASE TABLE'

[GORM] 2023/12/27 20:02:19 /home/finley/Projects/Software-Engineering/packages/server/db/model/init.go:9
[0.083ms] [rows:-] SELECT DATABASE()

[GORM] 2023/12/27 20:02:19 /home/finley/Projects/Software-Engineering/packages/server/db/model/init.go:9
[0.281ms] [rows:1] SELECT SCHEMA_NAME from Information_schema.SCHEMATA where SCHEMA_NAME LIKE 'se%' ORDER BY SCHEMA_NAME='se' DESC,SCHEMA_NAME limit 1

[GORM] 2023/12/27 20:02:19 /home/finley/Projects/Software-Engineering/packages/server/db/model/init.go:9
[0.131ms] [rows:-] SELECT * FROM `departments` LIMIT 1

[GORM] 2023/12/27 20:02:19 /home/finley/Projects/Software-Engineering/packages/server/db/model/init.go:9
[0.655ms] [rows:-] SELECT column_name, column_default, is_nullable = 'YES', data_type, character_maximum_length, column_type, column_key, extra, column_comment, numeric_precision, numeric_scale , datetime_precision FROM information_schema.columns WHERE table_schema = 'se' AND table_name = 'departments' ORDER BY ORDINAL_POSITION

[GORM] 2023/12/27 20:02:19 /home/finley/Projects/Software-Engineering/packages/server/db/model/init.go:9
[0.078ms] [rows:-] SELECT DATABASE()

[GORM] 2023/12/27 20:02:19 /home/finley/Projects/Software-Engineering/packages/server/db/model/init.go:9
[0.246ms] [rows:1] SELECT SCHEMA_NAME from Information_schema.SCHEMATA where SCHEMA_NAME LIKE 'se%' ORDER BY SCHEMA_NAME='se' DESC,SCHEMA_NAME limit 1

[GORM] 2023/12/27 20:02:19 /home/finley/Projects/Software-Engineering/packages/server/db/model/init.go:9
[0.202ms] [rows:-] SELECT count(*) FROM information_schema.tables WHERE table_schema = 'se' AND table_name = 'doctors' AND table_type = 'BASE TABLE'

[GORM] 2023/12/27 20:02:19 /home/finley/Projects/Software-Engineering/packages/server/db/model/init.go:9
[0.075ms] [rows:-] SELECT DATABASE()

[GORM] 2023/12/27 20:02:19 /home/finley/Projects/Software-Engineering/packages/server/db/model/init.go:9
[0.234ms] [rows:1] SELECT SCHEMA_NAME from Information_schema.SCHEMATA where SCHEMA_NAME LIKE 'se%' ORDER BY SCHEMA_NAME='se' DESC,SCHEMA_NAME limit 1

[GORM] 2023/12/27 20:02:19 /home/finley/Projects/Software-Engineering/packages/server/db/model/init.go:9
[0.112ms] [rows:-] SELECT * FROM `doctors` LIMIT 1

[GORM] 2023/12/27 20:02:19 /home/finley/Projects/Software-Engineering/packages/server/db/model/init.go:9
[0.560ms] [rows:-] SELECT column_name, column_default, is_nullable = 'YES', data_type, character_maximum_length, column_type, column_key, extra, column_comment, numeric_precision, numeric_scale , datetime_precision FROM information_schema.columns WHERE table_schema = 'se' AND table_name = 'doctors' ORDER BY ORDINAL_POSITION

[GORM] 2023/12/27 20:02:19 /home/finley/Projects/Software-Engineering/packages/server/db/model/init.go:9
[0.095ms] [rows:-] SELECT DATABASE()

[GORM] 2023/12/27 20:02:19 /home/finley/Projects/Software-Engineering/packages/server/db/model/init.go:9
[0.288ms] [rows:1] SELECT SCHEMA_NAME from Information_schema.SCHEMATA where SCHEMA_NAME LIKE 'se%' ORDER BY SCHEMA_NAME='se' DESC,SCHEMA_NAME limit 1

[GORM] 2023/12/27 20:02:19 /home/finley/Projects/Software-Engineering/packages/server/db/model/init.go:9
[0.283ms] [rows:-] SELECT count(*) FROM INFORMATION_SCHEMA.table_constraints WHERE constraint_schema = 'se' AND table_name = 'doctors' AND constraint_name = 'fk_doctors_department'

[GORM] 2023/12/27 20:02:19 /home/finley/Projects/Software-Engineering/packages/server/db/model/init.go:9
[0.078ms] [rows:-] SELECT DATABASE()

[GORM] 2023/12/27 20:02:19 /home/finley/Projects/Software-Engineering/packages/server/db/model/init.go:9
[0.245ms] [rows:1] SELECT SCHEMA_NAME from Information_schema.SCHEMATA where SCHEMA_NAME LIKE 'se%' ORDER BY SCHEMA_NAME='se' DESC,SCHEMA_NAME limit 1

[GORM] 2023/12/27 20:02:19 /home/finley/Projects/Software-Engineering/packages/server/db/model/init.go:9
[0.317ms] [rows:-] SELECT count(*) FROM information_schema.tables WHERE table_schema = 'se' AND table_name = 'patients' AND table_type = 'BASE TABLE'

[GORM] 2023/12/27 20:02:19 /home/finley/Projects/Software-Engineering/packages/server/db/model/init.go:9
[0.105ms] [rows:-] SELECT DATABASE()

[GORM] 2023/12/27 20:02:19 /home/finley/Projects/Software-Engineering/packages/server/db/model/init.go:9
[0.302ms] [rows:1] SELECT SCHEMA_NAME from Information_schema.SCHEMATA where SCHEMA_NAME LIKE 'se%' ORDER BY SCHEMA_NAME='se' DESC,SCHEMA_NAME limit 1

[GORM] 2023/12/27 20:02:19 /home/finley/Projects/Software-Engineering/packages/server/db/model/init.go:9
[0.165ms] [rows:-] SELECT * FROM `patients` LIMIT 1

[GORM] 2023/12/27 20:02:19 /home/finley/Projects/Software-Engineering/packages/server/db/model/init.go:9
[0.854ms] [rows:-] SELECT column_name, column_default, is_nullable = 'YES', data_type, character_maximum_length, column_type, column_key, extra, column_comment, numeric_precision, numeric_scale , datetime_precision FROM information_schema.columns WHERE table_schema = 'se' AND table_name = 'patients' ORDER BY ORDINAL_POSITION

[GORM] 2023/12/27 20:02:19 /home/finley/Projects/Software-Engineering/packages/server/db/model/init.go:9
[0.118ms] [rows:-] SELECT DATABASE()

[GORM] 2023/12/27 20:02:19 /home/finley/Projects/Software-Engineering/packages/server/db/model/init.go:9
[0.342ms] [rows:1] SELECT SCHEMA_NAME from Information_schema.SCHEMATA where SCHEMA_NAME LIKE 'se%' ORDER BY SCHEMA_NAME='se' DESC,SCHEMA_NAME limit 1

[GORM] 2023/12/27 20:02:19 /home/finley/Projects/Software-Engineering/packages/server/db/model/init.go:9
[0.267ms] [rows:-] SELECT count(*) FROM information_schema.tables WHERE table_schema = 'se' AND table_name = 'doctor_patients' AND table_type = 'BASE TABLE'

[GORM] 2023/12/27 20:02:19 /home/finley/Projects/Software-Engineering/packages/server/db/model/init.go:9
[0.086ms] [rows:-] SELECT DATABASE()

[GORM] 2023/12/27 20:02:19 /home/finley/Projects/Software-Engineering/packages/server/db/model/init.go:9
[0.311ms] [rows:1] SELECT SCHEMA_NAME from Information_schema.SCHEMATA where SCHEMA_NAME LIKE 'se%' ORDER BY SCHEMA_NAME='se' DESC,SCHEMA_NAME limit 1

[GORM] 2023/12/27 20:02:19 /home/finley/Projects/Software-Engineering/packages/server/db/model/init.go:9
[0.131ms] [rows:-] SELECT * FROM `doctor_patients` LIMIT 1

[GORM] 2023/12/27 20:02:19 /home/finley/Projects/Software-Engineering/packages/server/db/model/init.go:9
[0.658ms] [rows:-] SELECT column_name, column_default, is_nullable = 'YES', data_type, character_maximum_length, column_type, column_key, extra, column_comment, numeric_precision, numeric_scale , datetime_precision FROM information_schema.columns WHERE table_schema = 'se' AND table_name = 'doctor_patients' ORDER BY ORDINAL_POSITION

[GORM] 2023/12/27 20:02:19 /home/finley/Projects/Software-Engineering/packages/server/db/model/init.go:9
[0.074ms] [rows:-] SELECT DATABASE()

[GORM] 2023/12/27 20:02:19 /home/finley/Projects/Software-Engineering/packages/server/db/model/init.go:9
[0.218ms] [rows:1] SELECT SCHEMA_NAME from Information_schema.SCHEMATA where SCHEMA_NAME LIKE 'se%' ORDER BY SCHEMA_NAME='se' DESC,SCHEMA_NAME limit 1

[GORM] 2023/12/27 20:02:19 /home/finley/Projects/Software-Engineering/packages/server/db/model/init.go:9
[0.240ms] [rows:-] SELECT count(*) FROM INFORMATION_SCHEMA.table_constraints WHERE constraint_schema = 'se' AND table_name = 'doctor_patients' AND constraint_name = 'fk_doctor_patients_doctor'

[GORM] 2023/12/27 20:02:19 /home/finley/Projects/Software-Engineering/packages/server/db/model/init.go:9
[0.069ms] [rows:-] SELECT DATABASE()

[GORM] 2023/12/27 20:02:19 /home/finley/Projects/Software-Engineering/packages/server/db/model/init.go:9
[0.215ms] [rows:1] SELECT SCHEMA_NAME from Information_schema.SCHEMATA where SCHEMA_NAME LIKE 'se%' ORDER BY SCHEMA_NAME='se' DESC,SCHEMA_NAME limit 1

[GORM] 2023/12/27 20:02:19 /home/finley/Projects/Software-Engineering/packages/server/db/model/init.go:9
[0.256ms] [rows:-] SELECT count(*) FROM INFORMATION_SCHEMA.table_constraints WHERE constraint_schema = 'se' AND table_name = 'doctor_patients' AND constraint_name = 'fk_doctor_patients_patient'

[GORM] 2023/12/27 20:02:19 /home/finley/Projects/Software-Engineering/packages/server/db/model/init.go:9
[0.066ms] [rows:-] SELECT DATABASE()

[GORM] 2023/12/27 20:02:19 /home/finley/Projects/Software-Engineering/packages/server/db/model/init.go:9
[0.240ms] [rows:1] SELECT SCHEMA_NAME from Information_schema.SCHEMATA where SCHEMA_NAME LIKE 'se%' ORDER BY SCHEMA_NAME='se' DESC,SCHEMA_NAME limit 1

[GORM] 2023/12/27 20:02:19 /home/finley/Projects/Software-Engineering/packages/server/db/model/init.go:9
[0.220ms] [rows:-] SELECT count(*) FROM information_schema.tables WHERE table_schema = 'se' AND table_name = 'vital_signs' AND table_type = 'BASE TABLE'

[GORM] 2023/12/27 20:02:19 /home/finley/Projects/Software-Engineering/packages/server/db/model/init.go:9
[0.074ms] [rows:-] SELECT DATABASE()

[GORM] 2023/12/27 20:02:19 /home/finley/Projects/Software-Engineering/packages/server/db/model/init.go:9
[0.231ms] [rows:1] SELECT SCHEMA_NAME from Information_schema.SCHEMATA where SCHEMA_NAME LIKE 'se%' ORDER BY SCHEMA_NAME='se' DESC,SCHEMA_NAME limit 1

[GORM] 2023/12/27 20:02:19 /home/finley/Projects/Software-Engineering/packages/server/db/model/init.go:9
[0.126ms] [rows:-] SELECT * FROM `vital_signs` LIMIT 1

[GORM] 2023/12/27 20:02:19 /home/finley/Projects/Software-Engineering/packages/server/db/model/init.go:9
[0.673ms] [rows:-] SELECT column_name, column_default, is_nullable = 'YES', data_type, character_maximum_length, column_type, column_key, extra, column_comment, numeric_precision, numeric_scale , datetime_precision FROM information_schema.columns WHERE table_schema = 'se' AND table_name = 'vital_signs' ORDER BY ORDINAL_POSITION

[GORM] 2023/12/27 20:02:19 /home/finley/Projects/Software-Engineering/packages/server/db/model/init.go:9
[0.148ms] [rows:-] SELECT DATABASE()

[GORM] 2023/12/27 20:02:19 /home/finley/Projects/Software-Engineering/packages/server/db/model/init.go:9
[0.645ms] [rows:1] SELECT SCHEMA_NAME from Information_schema.SCHEMATA where SCHEMA_NAME LIKE 'se%' ORDER BY SCHEMA_NAME='se' DESC,SCHEMA_NAME limit 1

[GORM] 2023/12/27 20:02:19 /home/finley/Projects/Software-Engineering/packages/server/db/model/init.go:9
[0.446ms] [rows:-] SELECT count(*) FROM INFORMATION_SCHEMA.table_constraints WHERE constraint_schema = 'se' AND table_name = 'vital_signs' AND constraint_name = 'fk_patients_vital_signs'

[GORM] 2023/12/27 20:02:19 /home/finley/Projects/Software-Engineering/packages/server/db/model/init.go:9
[0.083ms] [rows:-] SELECT DATABASE()

[GORM] 2023/12/27 20:02:19 /home/finley/Projects/Software-Engineering/packages/server/db/model/init.go:9
[0.253ms] [rows:1] SELECT SCHEMA_NAME from Information_schema.SCHEMATA where SCHEMA_NAME LIKE 'se%' ORDER BY SCHEMA_NAME='se' DESC,SCHEMA_NAME limit 1

[GORM] 2023/12/27 20:02:19 /home/finley/Projects/Software-Engineering/packages/server/db/model/init.go:9
[0.202ms] [rows:-] SELECT count(*) FROM information_schema.tables WHERE table_schema = 'se' AND table_name = 'admins' AND table_type = 'BASE TABLE'

[GORM] 2023/12/27 20:02:19 /home/finley/Projects/Software-Engineering/packages/server/db/model/init.go:9
[0.068ms] [rows:-] SELECT DATABASE()

[GORM] 2023/12/27 20:02:19 /home/finley/Projects/Software-Engineering/packages/server/db/model/init.go:9
[0.221ms] [rows:1] SELECT SCHEMA_NAME from Information_schema.SCHEMATA where SCHEMA_NAME LIKE 'se%' ORDER BY SCHEMA_NAME='se' DESC,SCHEMA_NAME limit 1

[GORM] 2023/12/27 20:02:19 /home/finley/Projects/Software-Engineering/packages/server/db/model/init.go:9
[0.110ms] [rows:-] SELECT * FROM `admins` LIMIT 1

[GORM] 2023/12/27 20:02:19 /home/finley/Projects/Software-Engineering/packages/server/db/model/init.go:9
[0.616ms] [rows:-] SELECT column_name, column_default, is_nullable = 'YES', data_type, character_maximum_length, column_type, column_key, extra, column_comment, numeric_precision, numeric_scale , datetime_precision FROM information_schema.columns WHERE table_schema = 'se' AND table_name = 'admins' ORDER BY ORDINAL_POSITION
[GIN-debug] [WARNING] Creating an Engine instance with the Logger and Recovery middleware already attached.

[GIN-debug] [WARNING] Running in "debug" mode. Switch to "release" mode in production.
 - using env:	export GIN_MODE=release
 - using code:	gin.SetMode(gin.ReleaseMode)

[GIN-debug] POST   /login/admin              --> se/controller.AdminLogin (4 handlers)
2023/12/27 20:02:19 Running Server at :8888
2023/12/27 20:10:24 Shutdown Server ...
2023/12/27 20:10:24 Server Exiting

[GORM] 2023/12/27 20:10:26 /home/finley/Projects/Software-Engineering/packages/server/db/model/init.go:9
[0.089ms] [rows:-] SELECT DATABASE()

[GORM] 2023/12/27 20:10:26 /home/finley/Projects/Software-Engineering/packages/server/db/model/init.go:9
[0.528ms] [rows:1] SELECT SCHEMA_NAME from Information_schema.SCHEMATA where SCHEMA_NAME LIKE 'se%' ORDER BY SCHEMA_NAME='se' DESC,SCHEMA_NAME limit 1

[GORM] 2023/12/27 20:10:26 /home/finley/Projects/Software-Engineering/packages/server/db/model/init.go:9
[0.253ms] [rows:-] SELECT count(*) FROM information_schema.tables WHERE table_schema = 'se' AND table_name = 'departments' AND table_type = 'BASE TABLE'

[GORM] 2023/12/27 20:10:26 /home/finley/Projects/Software-Engineering/packages/server/db/model/init.go:9
[0.078ms] [rows:-] SELECT DATABASE()

[GORM] 2023/12/27 20:10:26 /home/finley/Projects/Software-Engineering/packages/server/db/model/init.go:9
[0.292ms] [rows:1] SELECT SCHEMA_NAME from Information_schema.SCHEMATA where SCHEMA_NAME LIKE 'se%' ORDER BY SCHEMA_NAME='se' DESC,SCHEMA_NAME limit 1

[GORM] 2023/12/27 20:10:26 /home/finley/Projects/Software-Engineering/packages/server/db/model/init.go:9
[0.135ms] [rows:-] SELECT * FROM `departments` LIMIT 1

[GORM] 2023/12/27 20:10:26 /home/finley/Projects/Software-Engineering/packages/server/db/model/init.go:9
[0.798ms] [rows:-] SELECT column_name, column_default, is_nullable = 'YES', data_type, character_maximum_length, column_type, column_key, extra, column_comment, numeric_precision, numeric_scale , datetime_precision FROM information_schema.columns WHERE table_schema = 'se' AND table_name = 'departments' ORDER BY ORDINAL_POSITION

[GORM] 2023/12/27 20:10:26 /home/finley/Projects/Software-Engineering/packages/server/db/model/init.go:9
[0.083ms] [rows:-] SELECT DATABASE()

[GORM] 2023/12/27 20:10:26 /home/finley/Projects/Software-Engineering/packages/server/db/model/init.go:9
[0.245ms] [rows:1] SELECT SCHEMA_NAME from Information_schema.SCHEMATA where SCHEMA_NAME LIKE 'se%' ORDER BY SCHEMA_NAME='se' DESC,SCHEMA_NAME limit 1

[GORM] 2023/12/27 20:10:26 /home/finley/Projects/Software-Engineering/packages/server/db/model/init.go:9
[0.244ms] [rows:-] SELECT count(*) FROM information_schema.tables WHERE table_schema = 'se' AND table_name = 'doctors' AND table_type = 'BASE TABLE'

[GORM] 2023/12/27 20:10:26 /home/finley/Projects/Software-Engineering/packages/server/db/model/init.go:9
[0.092ms] [rows:-] SELECT DATABASE()

[GORM] 2023/12/27 20:10:26 /home/finley/Projects/Software-Engineering/packages/server/db/model/init.go:9
[0.289ms] [rows:1] SELECT SCHEMA_NAME from Information_schema.SCHEMATA where SCHEMA_NAME LIKE 'se%' ORDER BY SCHEMA_NAME='se' DESC,SCHEMA_NAME limit 1

[GORM] 2023/12/27 20:10:26 /home/finley/Projects/Software-Engineering/packages/server/db/model/init.go:9
[0.142ms] [rows:-] SELECT * FROM `doctors` LIMIT 1

[GORM] 2023/12/27 20:10:26 /home/finley/Projects/Software-Engineering/packages/server/db/model/init.go:9
[0.562ms] [rows:-] SELECT column_name, column_default, is_nullable = 'YES', data_type, character_maximum_length, column_type, column_key, extra, column_comment, numeric_precision, numeric_scale , datetime_precision FROM information_schema.columns WHERE table_schema = 'se' AND table_name = 'doctors' ORDER BY ORDINAL_POSITION

[GORM] 2023/12/27 20:10:26 /home/finley/Projects/Software-Engineering/packages/server/db/model/init.go:9
[0.087ms] [rows:-] SELECT DATABASE()

[GORM] 2023/12/27 20:10:26 /home/finley/Projects/Software-Engineering/packages/server/db/model/init.go:9
[0.234ms] [rows:1] SELECT SCHEMA_NAME from Information_schema.SCHEMATA where SCHEMA_NAME LIKE 'se%' ORDER BY SCHEMA_NAME='se' DESC,SCHEMA_NAME limit 1

[GORM] 2023/12/27 20:10:26 /home/finley/Projects/Software-Engineering/packages/server/db/model/init.go:9
[0.281ms] [rows:-] SELECT count(*) FROM INFORMATION_SCHEMA.table_constraints WHERE constraint_schema = 'se' AND table_name = 'doctors' AND constraint_name = 'fk_doctors_department'

[GORM] 2023/12/27 20:10:26 /home/finley/Projects/Software-Engineering/packages/server/db/model/init.go:9
[0.074ms] [rows:-] SELECT DATABASE()

[GORM] 2023/12/27 20:10:26 /home/finley/Projects/Software-Engineering/packages/server/db/model/init.go:9
[0.244ms] [rows:1] SELECT SCHEMA_NAME from Information_schema.SCHEMATA where SCHEMA_NAME LIKE 'se%' ORDER BY SCHEMA_NAME='se' DESC,SCHEMA_NAME limit 1

[GORM] 2023/12/27 20:10:26 /home/finley/Projects/Software-Engineering/packages/server/db/model/init.go:9
[0.213ms] [rows:-] SELECT count(*) FROM information_schema.tables WHERE table_schema = 'se' AND table_name = 'patients' AND table_type = 'BASE TABLE'

[GORM] 2023/12/27 20:10:26 /home/finley/Projects/Software-Engineering/packages/server/db/model/init.go:9
[0.069ms] [rows:-] SELECT DATABASE()

[GORM] 2023/12/27 20:10:26 /home/finley/Projects/Software-Engineering/packages/server/db/model/init.go:9
[0.249ms] [rows:1] SELECT SCHEMA_NAME from Information_schema.SCHEMATA where SCHEMA_NAME LIKE 'se%' ORDER BY SCHEMA_NAME='se' DESC,SCHEMA_NAME limit 1

[GORM] 2023/12/27 20:10:26 /home/finley/Projects/Software-Engineering/packages/server/db/model/init.go:9
[0.131ms] [rows:-] SELECT * FROM `patients` LIMIT 1

[GORM] 2023/12/27 20:10:26 /home/finley/Projects/Software-Engineering/packages/server/db/model/init.go:9
[0.882ms] [rows:-] SELECT column_name, column_default, is_nullable = 'YES', data_type, character_maximum_length, column_type, column_key, extra, column_comment, numeric_precision, numeric_scale , datetime_precision FROM information_schema.columns WHERE table_schema = 'se' AND table_name = 'patients' ORDER BY ORDINAL_POSITION

[GORM] 2023/12/27 20:10:26 /home/finley/Projects/Software-Engineering/packages/server/db/model/init.go:9
[0.092ms] [rows:-] SELECT DATABASE()

[GORM] 2023/12/27 20:10:26 /home/finley/Projects/Software-Engineering/packages/server/db/model/init.go:9
[0.256ms] [rows:1] SELECT SCHEMA_NAME from Information_schema.SCHEMATA where SCHEMA_NAME LIKE 'se%' ORDER BY SCHEMA_NAME='se' DESC,SCHEMA_NAME limit 1

[GORM] 2023/12/27 20:10:26 /home/finley/Projects/Software-Engineering/packages/server/db/model/init.go:9
[0.217ms] [rows:-] SELECT count(*) FROM information_schema.tables WHERE table_schema = 'se' AND table_name = 'doctor_patients' AND table_type = 'BASE TABLE'

[GORM] 2023/12/27 20:10:26 /home/finley/Projects/Software-Engineering/packages/server/db/model/init.go:9
[0.082ms] [rows:-] SELECT DATABASE()

[GORM] 2023/12/27 20:10:26 /home/finley/Projects/Software-Engineering/packages/server/db/model/init.go:9
[0.307ms] [rows:1] SELECT SCHEMA_NAME from Information_schema.SCHEMATA where SCHEMA_NAME LIKE 'se%' ORDER BY SCHEMA_NAME='se' DESC,SCHEMA_NAME limit 1

[GORM] 2023/12/27 20:10:26 /home/finley/Projects/Software-Engineering/packages/server/db/model/init.go:9
[0.122ms] [rows:-] SELECT * FROM `doctor_patients` LIMIT 1

[GORM] 2023/12/27 20:10:26 /home/finley/Projects/Software-Engineering/packages/server/db/model/init.go:9
[0.601ms] [rows:-] SELECT column_name, column_default, is_nullable = 'YES', data_type, character_maximum_length, column_type, column_key, extra, column_comment, numeric_precision, numeric_scale , datetime_precision FROM information_schema.columns WHERE table_schema = 'se' AND table_name = 'doctor_patients' ORDER BY ORDINAL_POSITION

[GORM] 2023/12/27 20:10:26 /home/finley/Projects/Software-Engineering/packages/server/db/model/init.go:9
[0.086ms] [rows:-] SELECT DATABASE()

[GORM] 2023/12/27 20:10:26 /home/finley/Projects/Software-Engineering/packages/server/db/model/init.go:9
[0.247ms] [rows:1] SELECT SCHEMA_NAME from Information_schema.SCHEMATA where SCHEMA_NAME LIKE 'se%' ORDER BY SCHEMA_NAME='se' DESC,SCHEMA_NAME limit 1

[GORM] 2023/12/27 20:10:26 /home/finley/Projects/Software-Engineering/packages/server/db/model/init.go:9
[0.250ms] [rows:-] SELECT count(*) FROM INFORMATION_SCHEMA.table_constraints WHERE constraint_schema = 'se' AND table_name = 'doctor_patients' AND constraint_name = 'fk_doctor_patients_doctor'

[GORM] 2023/12/27 20:10:26 /home/finley/Projects/Software-Engineering/packages/server/db/model/init.go:9
[0.075ms] [rows:-] SELECT DATABASE()

[GORM] 2023/12/27 20:10:26 /home/finley/Projects/Software-Engineering/packages/server/db/model/init.go:9
[0.234ms] [rows:1] SELECT SCHEMA_NAME from Information_schema.SCHEMATA where SCHEMA_NAME LIKE 'se%' ORDER BY SCHEMA_NAME='se' DESC,SCHEMA_NAME limit 1

[GORM] 2023/12/27 20:10:26 /home/finley/Projects/Software-Engineering/packages/server/db/model/init.go:9
[0.253ms] [rows:-] SELECT count(*) FROM INFORMATION_SCHEMA.table_constraints WHERE constraint_schema = 'se' AND table_name = 'doctor_patients' AND constraint_name = 'fk_doctor_patients_patient'

[GORM] 2023/12/27 20:10:26 /home/finley/Projects/Software-Engineering/packages/server/db/model/init.go:9
[0.074ms] [rows:-] SELECT DATABASE()

[GORM] 2023/12/27 20:10:26 /home/finley/Projects/Software-Engineering/packages/server/db/model/init.go:9
[0.226ms] [rows:1] SELECT SCHEMA_NAME from Information_schema.SCHEMATA where SCHEMA_NAME LIKE 'se%' ORDER BY SCHEMA_NAME='se' DESC,SCHEMA_NAME limit 1

[GORM] 2023/12/27 20:10:26 /home/finley/Projects/Software-Engineering/packages/server/db/model/init.go:9
[0.206ms] [rows:-] SELECT count(*) FROM information_schema.tables WHERE table_schema = 'se' AND table_name = 'vital_signs' AND table_type = 'BASE TABLE'

[GORM] 2023/12/27 20:10:26 /home/finley/Projects/Software-Engineering/packages/server/db/model/init.go:9
[0.075ms] [rows:-] SELECT DATABASE()

[GORM] 2023/12/27 20:10:26 /home/finley/Projects/Software-Engineering/packages/server/db/model/init.go:9
[0.249ms] [rows:1] SELECT SCHEMA_NAME from Information_schema.SCHEMATA where SCHEMA_NAME LIKE 'se%' ORDER BY SCHEMA_NAME='se' DESC,SCHEMA_NAME limit 1

[GORM] 2023/12/27 20:10:26 /home/finley/Projects/Software-Engineering/packages/server/db/model/init.go:9
[0.130ms] [rows:-] SELECT * FROM `vital_signs` LIMIT 1

[GORM] 2023/12/27 20:10:26 /home/finley/Projects/Software-Engineering/packages/server/db/model/init.go:9
[0.680ms] [rows:-] SELECT column_name, column_default, is_nullable = 'YES', data_type, character_maximum_length, column_type, column_key, extra, column_comment, numeric_precision, numeric_scale , datetime_precision FROM information_schema.columns WHERE table_schema = 'se' AND table_name = 'vital_signs' ORDER BY ORDINAL_POSITION

[GORM] 2023/12/27 20:10:26 /home/finley/Projects/Software-Engineering/packages/server/db/model/init.go:9
[0.092ms] [rows:-] SELECT DATABASE()

[GORM] 2023/12/27 20:10:26 /home/finley/Projects/Software-Engineering/packages/server/db/model/init.go:9
[0.320ms] [rows:1] SELECT SCHEMA_NAME from Information_schema.SCHEMATA where SCHEMA_NAME LIKE 'se%' ORDER BY SCHEMA_NAME='se' DESC,SCHEMA_NAME limit 1

[GORM] 2023/12/27 20:10:26 /home/finley/Projects/Software-Engineering/packages/server/db/model/init.go:9
[0.293ms] [rows:-] SELECT count(*) FROM INFORMATION_SCHEMA.table_constraints WHERE constraint_schema = 'se' AND table_name = 'vital_signs' AND constraint_name = 'fk_patients_vital_signs'

[GORM] 2023/12/27 20:10:26 /home/finley/Projects/Software-Engineering/packages/server/db/model/init.go:9
[0.076ms] [rows:-] SELECT DATABASE()

[GORM] 2023/12/27 20:10:26 /home/finley/Projects/Software-Engineering/packages/server/db/model/init.go:9
[0.246ms] [rows:1] SELECT SCHEMA_NAME from Information_schema.SCHEMATA where SCHEMA_NAME LIKE 'se%' ORDER BY SCHEMA_NAME='se' DESC,SCHEMA_NAME limit 1

[GORM] 2023/12/27 20:10:26 /home/finley/Projects/Software-Engineering/packages/server/db/model/init.go:9
[0.266ms] [rows:-] SELECT count(*) FROM information_schema.tables WHERE table_schema = 'se' AND table_name = 'admins' AND table_type = 'BASE TABLE'

[GORM] 2023/12/27 20:10:26 /home/finley/Projects/Software-Engineering/packages/server/db/model/init.go:9
[0.093ms] [rows:-] SELECT DATABASE()

[GORM] 2023/12/27 20:10:26 /home/finley/Projects/Software-Engineering/packages/server/db/model/init.go:9
[0.257ms] [rows:1] SELECT SCHEMA_NAME from Information_schema.SCHEMATA where SCHEMA_NAME LIKE 'se%' ORDER BY SCHEMA_NAME='se' DESC,SCHEMA_NAME limit 1

[GORM] 2023/12/27 20:10:26 /home/finley/Projects/Software-Engineering/packages/server/db/model/init.go:9
[0.129ms] [rows:-] SELECT * FROM `admins` LIMIT 1

[GORM] 2023/12/27 20:10:26 /home/finley/Projects/Software-Engineering/packages/server/db/model/init.go:9
[0.634ms] [rows:-] SELECT column_name, column_default, is_nullable = 'YES', data_type, character_maximum_length, column_type, column_key, extra, column_comment, numeric_precision, numeric_scale , datetime_precision FROM information_schema.columns WHERE table_schema = 'se' AND table_name = 'admins' ORDER BY ORDINAL_POSITION
[GIN-debug] [WARNING] Creating an Engine instance with the Logger and Recovery middleware already attached.

[GIN-debug] [WARNING] Running in "debug" mode. Switch to "release" mode in production.
 - using env:	export GIN_MODE=release
 - using code:	gin.SetMode(gin.ReleaseMode)

[GIN-debug] POST   /login/admin              --> se/controller.AdminLogin (4 handlers)
2023/12/27 20:10:26 Running Server at :8888
2023/12/27 20:35:10 Shutdown Server ...
2023/12/27 20:35:10 Server Exiting
